Build started 13-05-2011 00:07:57.
     1>Project "D:\Utilizadores\Bruno\Dcoumentos\Escola\Ano 2\2 Semestre\SO\Trabalho de Grupo 1\source\JogoSO\JogoSO\JogoSO.vcxproj" on node 2 (build target(s)).
     1>InitializeBuildStatus:
         Touching "Debug\JogoSO.unsuccessfulbuild".
       ClCompile:
         All outputs are up-to-date.
         All outputs are up-to-date.
       ResourceCompile:
         All outputs are up-to-date.
       ManifestResourceCompile:
         All outputs are up-to-date.
       Link:
         C:\Program Files\Microsoft Visual Studio 10.0\VC\bin\link.exe /ERRORREPORT:PROMPT /OUT:"D:\Utilizadores\Bruno\Dcoumentos\Escola\Ano 2\2 Semestre\SO\Trabalho de Grupo 1\source\JogoSO\Debug\JogoSO.exe" /INCREMENTAL /NOLOGO JogoSODLL.lib /MANIFEST /ManifestFile:"Debug\JogoSO.exe.intermediate.manifest" /MANIFESTUAC:"level='asInvoker' uiAccess='false'" /DEBUG /PDB:"D:\Utilizadores\Bruno\Dcoumentos\Escola\Ano 2\2 Semestre\SO\Trabalho de Grupo 1\source\JogoSO\Debug\JogoSO.pdb" /SUBSYSTEM:CONSOLE /TLBID:1 /DYNAMICBASE /NXCOMPAT /IMPLIB:"D:\Utilizadores\Bruno\Dcoumentos\Escola\Ano 2\2 Semestre\SO\Trabalho de Grupo 1\source\JogoSO\Debug\JogoSO.lib" /MACHINE:X86 Debug\JogoSO.res
         Debug\JogoSO.exe.embed.manifest.res
         Debug\JogoSO.obj
         Debug\stdafx.obj
       Manifest:
         C:\Program Files\Microsoft SDKs\Windows\v7.0A\bin\mt.exe /nologo /verbose /out:"Debug\JogoSO.exe.embed.manifest" /manifest Debug\JogoSO.exe.intermediate.manifest "C:\Program Files\Microsoft Visual Studio 10.0\VC\Include\Manifest\dpiaware.manifest"
         All outputs are up-to-date.
       LinkEmbedManifest:
         All outputs are up-to-date.
         JogoSO.vcxproj -> D:\Utilizadores\Bruno\Dcoumentos\Escola\Ano 2\2 Semestre\SO\Trabalho de Grupo 1\source\JogoSO\Debug\JogoSO.exe
       FinalizeBuildStatus:
         Deleting file "Debug\JogoSO.unsuccessfulbuild".
         Touching "Debug\JogoSO.lastbuildstate".
     1>Done Building Project "D:\Utilizadores\Bruno\Dcoumentos\Escola\Ano 2\2 Semestre\SO\Trabalho de Grupo 1\source\JogoSO\JogoSO\JogoSO.vcxproj" (build target(s)).

Build succeeded.

Time Elapsed 00:00:00.96
