D:\MY DOCS\DOCUMENTOS\ESTIG\ANO 2\2 SEMESTRE\SO\TG1_FINALMENTE\JOGOSO\DEBUG\JOGOSO.EXE
D:\MY DOCS\DOCUMENTOS\ESTIG\ANO 2\2 SEMESTRE\SO\TG1_FINALMENTE\JOGOSO\DEBUG\JOGOSO.ILK
D:\MY DOCS\DOCUMENTOS\ESTIG\ANO 2\2 SEMESTRE\SO\TG1_FINALMENTE\JOGOSO\DEBUG\JOGOSO.PDB
D:\MY DOCS\DOCUMENTOS\ESTIG\ANO 2\2 SEMESTRE\SO\TG1_FINALMENTE\JOGOSO\JOGOSO\DEBUG\JOGOSO.EXE.EMBED.MANIFEST
D:\MY DOCS\DOCUMENTOS\ESTIG\ANO 2\2 SEMESTRE\SO\TG1_FINALMENTE\JOGOSO\JOGOSO\DEBUG\JOGOSO.EXE.EMBED.MANIFEST.RES
D:\MY DOCS\DOCUMENTOS\ESTIG\ANO 2\2 SEMESTRE\SO\TG1_FINALMENTE\JOGOSO\JOGOSO\DEBUG\JOGOSO.EXE.INTERMEDIATE.MANIFEST
D:\MY DOCS\DOCUMENTOS\ESTIG\ANO 2\2 SEMESTRE\SO\TG1_FINALMENTE\JOGOSO\JOGOSO\DEBUG\JOGOSO.OBJ
D:\MY DOCS\DOCUMENTOS\ESTIG\ANO 2\2 SEMESTRE\SO\TG1_FINALMENTE\JOGOSO\JOGOSO\DEBUG\JOGOSO.PCH
D:\MY DOCS\DOCUMENTOS\ESTIG\ANO 2\2 SEMESTRE\SO\TG1_FINALMENTE\JOGOSO\JOGOSO\DEBUG\JOGOSO.RES
D:\MY DOCS\DOCUMENTOS\ESTIG\ANO 2\2 SEMESTRE\SO\TG1_FINALMENTE\JOGOSO\JOGOSO\DEBUG\STDAFX.OBJ
D:\MY DOCS\DOCUMENTOS\ESTIG\ANO 2\2 SEMESTRE\SO\TG1_FINALMENTE\JOGOSO\JOGOSO\DEBUG\VC100.PDB
D:\UTILIZADORES\BRUNO\DCOUMENTOS\ESCOLA\ANO 2\2 SEMESTRE\SO\TRABALHO DE GRUPO 1\SOURCE\JOGOSO\DEBUG\JOGOSO.EXE
D:\UTILIZADORES\BRUNO\DCOUMENTOS\ESCOLA\ANO 2\2 SEMESTRE\SO\TRABALHO DE GRUPO 1\SOURCE\JOGOSO\DEBUG\JOGOSO.ILK
D:\UTILIZADORES\BRUNO\DCOUMENTOS\ESCOLA\ANO 2\2 SEMESTRE\SO\TRABALHO DE GRUPO 1\SOURCE\JOGOSO\DEBUG\JOGOSO.PDB
D:\UTILIZADORES\BRUNO\DCOUMENTOS\ESCOLA\ANO 2\2 SEMESTRE\SO\TRABALHO DE GRUPO 1\SOURCE\JOGOSO\JOGOSO\DEBUG\JOGOSO.EXE.EMBED.MANIFEST.RES
D:\UTILIZADORES\BRUNO\DCOUMENTOS\ESCOLA\ANO 2\2 SEMESTRE\SO\TRABALHO DE GRUPO 1\SOURCE\JOGOSO\JOGOSO\DEBUG\JOGOSO.EXE.INTERMEDIATE.MANIFEST
D:\UTILIZADORES\BRUNO\DCOUMENTOS\ESCOLA\ANO 2\2 SEMESTRE\SO\TRABALHO DE GRUPO 1\SOURCE\JOGOSO\JOGOSO\DEBUG\JOGOSO.OBJ
D:\UTILIZADORES\BRUNO\DCOUMENTOS\ESCOLA\ANO 2\2 SEMESTRE\SO\TRABALHO DE GRUPO 1\SOURCE\JOGOSO\JOGOSO\DEBUG\JOGOSO.PCH
D:\UTILIZADORES\BRUNO\DCOUMENTOS\ESCOLA\ANO 2\2 SEMESTRE\SO\TRABALHO DE GRUPO 1\SOURCE\JOGOSO\JOGOSO\DEBUG\JOGOSO.RES
D:\UTILIZADORES\BRUNO\DCOUMENTOS\ESCOLA\ANO 2\2 SEMESTRE\SO\TRABALHO DE GRUPO 1\SOURCE\JOGOSO\JOGOSO\DEBUG\STDAFX.OBJ
D:\UTILIZADORES\BRUNO\DCOUMENTOS\ESCOLA\ANO 2\2 SEMESTRE\SO\TRABALHO DE GRUPO 1\SOURCE\JOGOSO\JOGOSO\DEBUG\VC100.PDB
D:\UTILIZADORES\BRUNO\DCOUMENTOS\ESCOLA\ANO 2\2 SEMESTRE\SO\TRABALHO DE GRUPO 2\JOGOSO\DEBUG\JOGOSO.EXE
D:\UTILIZADORES\BRUNO\DCOUMENTOS\ESCOLA\ANO 2\2 SEMESTRE\SO\TRABALHO DE GRUPO 2\JOGOSO\DEBUG\JOGOSO.ILK
D:\UTILIZADORES\BRUNO\DCOUMENTOS\ESCOLA\ANO 2\2 SEMESTRE\SO\TRABALHO DE GRUPO 2\JOGOSO\DEBUG\JOGOSO.PDB
D:\Utilizadores\Bruno\Dcoumentos\Escola\Ano 2\2 Semestre\SO\Trabalho de Grupo 2\JogoSO\JogoSO\Debug\cl.command.1.tlog
D:\Utilizadores\Bruno\Dcoumentos\Escola\Ano 2\2 Semestre\SO\Trabalho de Grupo 2\JogoSO\JogoSO\Debug\CL.read.1.tlog
D:\Utilizadores\Bruno\Dcoumentos\Escola\Ano 2\2 Semestre\SO\Trabalho de Grupo 2\JogoSO\JogoSO\Debug\CL.write.1.tlog
D:\Utilizadores\Bruno\Dcoumentos\Escola\Ano 2\2 Semestre\SO\Trabalho de Grupo 2\JogoSO\JogoSO\Debug\JogoSO.exe.embed.manifest
D:\UTILIZADORES\BRUNO\DCOUMENTOS\ESCOLA\ANO 2\2 SEMESTRE\SO\TRABALHO DE GRUPO 2\JOGOSO\JOGOSO\DEBUG\JOGOSO.EXE.EMBED.MANIFEST.RES
D:\UTILIZADORES\BRUNO\DCOUMENTOS\ESCOLA\ANO 2\2 SEMESTRE\SO\TRABALHO DE GRUPO 2\JOGOSO\JOGOSO\DEBUG\JOGOSO.EXE.INTERMEDIATE.MANIFEST
D:\UTILIZADORES\BRUNO\DCOUMENTOS\ESCOLA\ANO 2\2 SEMESTRE\SO\TRABALHO DE GRUPO 2\JOGOSO\JOGOSO\DEBUG\JOGOSO.OBJ
D:\UTILIZADORES\BRUNO\DCOUMENTOS\ESCOLA\ANO 2\2 SEMESTRE\SO\TRABALHO DE GRUPO 2\JOGOSO\JOGOSO\DEBUG\JOGOSO.PCH
D:\UTILIZADORES\BRUNO\DCOUMENTOS\ESCOLA\ANO 2\2 SEMESTRE\SO\TRABALHO DE GRUPO 2\JOGOSO\JOGOSO\DEBUG\JOGOSO.RES
D:\Utilizadores\Bruno\Dcoumentos\Escola\Ano 2\2 Semestre\SO\Trabalho de Grupo 2\JogoSO\JogoSO\Debug\JogoSO_manifest.rc
D:\Utilizadores\Bruno\Dcoumentos\Escola\Ano 2\2 Semestre\SO\Trabalho de Grupo 2\JogoSO\JogoSO\Debug\link.2648.read.1.tlog
D:\Utilizadores\Bruno\Dcoumentos\Escola\Ano 2\2 Semestre\SO\Trabalho de Grupo 2\JogoSO\JogoSO\Debug\link.2648.write.1.tlog
D:\Utilizadores\Bruno\Dcoumentos\Escola\Ano 2\2 Semestre\SO\Trabalho de Grupo 2\JogoSO\JogoSO\Debug\link.2648-cvtres.read.1.tlog
D:\Utilizadores\Bruno\Dcoumentos\Escola\Ano 2\2 Semestre\SO\Trabalho de Grupo 2\JogoSO\JogoSO\Debug\link.2648-cvtres.write.1.tlog
D:\Utilizadores\Bruno\Dcoumentos\Escola\Ano 2\2 Semestre\SO\Trabalho de Grupo 2\JogoSO\JogoSO\Debug\link.2968.read.1.tlog
D:\Utilizadores\Bruno\Dcoumentos\Escola\Ano 2\2 Semestre\SO\Trabalho de Grupo 2\JogoSO\JogoSO\Debug\link.2968.write.1.tlog
D:\Utilizadores\Bruno\Dcoumentos\Escola\Ano 2\2 Semestre\SO\Trabalho de Grupo 2\JogoSO\JogoSO\Debug\link.2968-cvtres.read.1.tlog
D:\Utilizadores\Bruno\Dcoumentos\Escola\Ano 2\2 Semestre\SO\Trabalho de Grupo 2\JogoSO\JogoSO\Debug\link.2968-cvtres.write.1.tlog
D:\Utilizadores\Bruno\Dcoumentos\Escola\Ano 2\2 Semestre\SO\Trabalho de Grupo 2\JogoSO\JogoSO\Debug\link.3060.read.1.tlog
D:\Utilizadores\Bruno\Dcoumentos\Escola\Ano 2\2 Semestre\SO\Trabalho de Grupo 2\JogoSO\JogoSO\Debug\link.3060.write.1.tlog
D:\Utilizadores\Bruno\Dcoumentos\Escola\Ano 2\2 Semestre\SO\Trabalho de Grupo 2\JogoSO\JogoSO\Debug\link.3060-cvtres.read.1.tlog
D:\Utilizadores\Bruno\Dcoumentos\Escola\Ano 2\2 Semestre\SO\Trabalho de Grupo 2\JogoSO\JogoSO\Debug\link.3060-cvtres.write.1.tlog
D:\Utilizadores\Bruno\Dcoumentos\Escola\Ano 2\2 Semestre\SO\Trabalho de Grupo 2\JogoSO\JogoSO\Debug\link.3444.read.1.tlog
D:\Utilizadores\Bruno\Dcoumentos\Escola\Ano 2\2 Semestre\SO\Trabalho de Grupo 2\JogoSO\JogoSO\Debug\link.3444.write.1.tlog
D:\Utilizadores\Bruno\Dcoumentos\Escola\Ano 2\2 Semestre\SO\Trabalho de Grupo 2\JogoSO\JogoSO\Debug\link.3444-cvtres.read.1.tlog
D:\Utilizadores\Bruno\Dcoumentos\Escola\Ano 2\2 Semestre\SO\Trabalho de Grupo 2\JogoSO\JogoSO\Debug\link.3444-cvtres.write.1.tlog
D:\Utilizadores\Bruno\Dcoumentos\Escola\Ano 2\2 Semestre\SO\Trabalho de Grupo 2\JogoSO\JogoSO\Debug\link.4392.read.1.tlog
D:\Utilizadores\Bruno\Dcoumentos\Escola\Ano 2\2 Semestre\SO\Trabalho de Grupo 2\JogoSO\JogoSO\Debug\link.4392.write.1.tlog
D:\Utilizadores\Bruno\Dcoumentos\Escola\Ano 2\2 Semestre\SO\Trabalho de Grupo 2\JogoSO\JogoSO\Debug\link.4392-cvtres.read.1.tlog
D:\Utilizadores\Bruno\Dcoumentos\Escola\Ano 2\2 Semestre\SO\Trabalho de Grupo 2\JogoSO\JogoSO\Debug\link.4392-cvtres.write.1.tlog
D:\Utilizadores\Bruno\Dcoumentos\Escola\Ano 2\2 Semestre\SO\Trabalho de Grupo 2\JogoSO\JogoSO\Debug\link.5540.read.1.tlog
D:\Utilizadores\Bruno\Dcoumentos\Escola\Ano 2\2 Semestre\SO\Trabalho de Grupo 2\JogoSO\JogoSO\Debug\link.5540.write.1.tlog
D:\Utilizadores\Bruno\Dcoumentos\Escola\Ano 2\2 Semestre\SO\Trabalho de Grupo 2\JogoSO\JogoSO\Debug\link.5540-cvtres.read.1.tlog
D:\Utilizadores\Bruno\Dcoumentos\Escola\Ano 2\2 Semestre\SO\Trabalho de Grupo 2\JogoSO\JogoSO\Debug\link.5540-cvtres.write.1.tlog
D:\Utilizadores\Bruno\Dcoumentos\Escola\Ano 2\2 Semestre\SO\Trabalho de Grupo 2\JogoSO\JogoSO\Debug\link.command.1.tlog
D:\Utilizadores\Bruno\Dcoumentos\Escola\Ano 2\2 Semestre\SO\Trabalho de Grupo 2\JogoSO\JogoSO\Debug\link.read.1.tlog
D:\Utilizadores\Bruno\Dcoumentos\Escola\Ano 2\2 Semestre\SO\Trabalho de Grupo 2\JogoSO\JogoSO\Debug\link.write.1.tlog
D:\Utilizadores\Bruno\Dcoumentos\Escola\Ano 2\2 Semestre\SO\Trabalho de Grupo 2\JogoSO\JogoSO\Debug\link-cvtres.read.1.tlog
D:\Utilizadores\Bruno\Dcoumentos\Escola\Ano 2\2 Semestre\SO\Trabalho de Grupo 2\JogoSO\JogoSO\Debug\link-cvtres.write.1.tlog
D:\Utilizadores\Bruno\Dcoumentos\Escola\Ano 2\2 Semestre\SO\Trabalho de Grupo 2\JogoSO\JogoSO\Debug\mt.command.1.tlog
D:\Utilizadores\Bruno\Dcoumentos\Escola\Ano 2\2 Semestre\SO\Trabalho de Grupo 2\JogoSO\JogoSO\Debug\mt.read.1.tlog
D:\Utilizadores\Bruno\Dcoumentos\Escola\Ano 2\2 Semestre\SO\Trabalho de Grupo 2\JogoSO\JogoSO\Debug\mt.write.1.tlog
D:\Utilizadores\Bruno\Dcoumentos\Escola\Ano 2\2 Semestre\SO\Trabalho de Grupo 2\JogoSO\JogoSO\Debug\rc.command.1.tlog
D:\Utilizadores\Bruno\Dcoumentos\Escola\Ano 2\2 Semestre\SO\Trabalho de Grupo 2\JogoSO\JogoSO\Debug\rc.read.1.tlog
D:\Utilizadores\Bruno\Dcoumentos\Escola\Ano 2\2 Semestre\SO\Trabalho de Grupo 2\JogoSO\JogoSO\Debug\rc.write.1.tlog
D:\UTILIZADORES\BRUNO\DCOUMENTOS\ESCOLA\ANO 2\2 SEMESTRE\SO\TRABALHO DE GRUPO 2\JOGOSO\JOGOSO\DEBUG\STDAFX.OBJ
D:\Utilizadores\Bruno\Dcoumentos\Escola\Ano 2\2 Semestre\SO\Trabalho de Grupo 2\JogoSO\JogoSO\Debug\vc100.idb
D:\UTILIZADORES\BRUNO\DCOUMENTOS\ESCOLA\ANO 2\2 SEMESTRE\SO\TRABALHO DE GRUPO 2\JOGOSO\JOGOSO\DEBUG\VC100.PDB
