D:\MY DOCS\DOCUMENTOS\ESTIG\ANO 2\2 SEMESTRE\SO\TG1_FINAL\JOGOSODLL\DEBUG\JOGOSODLL.DLL
D:\My Docs\Documentos\ESTIG\Ano 2\2 Semestre\SO\TG1_Final\JogoSODLL\Debug\JogoSODLL.exp
D:\MY DOCS\DOCUMENTOS\ESTIG\ANO 2\2 SEMESTRE\SO\TG1_FINAL\JOGOSODLL\DEBUG\JOGOSODLL.ILK
D:\My Docs\Documentos\ESTIG\Ano 2\2 Semestre\SO\TG1_Final\JogoSODLL\Debug\JogoSODLL.lib
D:\MY DOCS\DOCUMENTOS\ESTIG\ANO 2\2 SEMESTRE\SO\TG1_FINAL\JOGOSODLL\DEBUG\JOGOSODLL.PDB
D:\My Docs\Documentos\ESTIG\Ano 2\2 Semestre\SO\TG1_Final\JogoSODLL\JogoSODLL\Debug\cl.command.1.tlog
D:\My Docs\Documentos\ESTIG\Ano 2\2 Semestre\SO\TG1_Final\JogoSODLL\JogoSODLL\Debug\CL.read.1.tlog
D:\My Docs\Documentos\ESTIG\Ano 2\2 Semestre\SO\TG1_Final\JogoSODLL\JogoSODLL\Debug\CL.write.1.tlog
D:\MY DOCS\DOCUMENTOS\ESTIG\ANO 2\2 SEMESTRE\SO\TG1_FINAL\JOGOSODLL\JOGOSODLL\DEBUG\JOGOSODLL.DLL.EMBED.MANIFEST
D:\MY DOCS\DOCUMENTOS\ESTIG\ANO 2\2 SEMESTRE\SO\TG1_FINAL\JOGOSODLL\JOGOSODLL\DEBUG\JOGOSODLL.DLL.EMBED.MANIFEST.RES
D:\MY DOCS\DOCUMENTOS\ESTIG\ANO 2\2 SEMESTRE\SO\TG1_FINAL\JOGOSODLL\JOGOSODLL\DEBUG\JOGOSODLL.DLL.INTERMEDIATE.MANIFEST
D:\MY DOCS\DOCUMENTOS\ESTIG\ANO 2\2 SEMESTRE\SO\TG1_FINAL\JOGOSODLL\JOGOSODLL\DEBUG\JOGOSODLL.OBJ
D:\MY DOCS\DOCUMENTOS\ESTIG\ANO 2\2 SEMESTRE\SO\TG1_FINAL\JOGOSODLL\JOGOSODLL\DEBUG\JOGOSODLL.PCH
D:\MY DOCS\DOCUMENTOS\ESTIG\ANO 2\2 SEMESTRE\SO\TG1_FINAL\JOGOSODLL\JOGOSODLL\DEBUG\JOGOSODLL.RES
D:\My Docs\Documentos\ESTIG\Ano 2\2 Semestre\SO\TG1_Final\JogoSODLL\JogoSODLL\Debug\JogoSODLL.write.1.tlog
D:\My Docs\Documentos\ESTIG\Ano 2\2 Semestre\SO\TG1_Final\JogoSODLL\JogoSODLL\Debug\JogoSODLL_manifest.rc
D:\My Docs\Documentos\ESTIG\Ano 2\2 Semestre\SO\TG1_Final\JogoSODLL\JogoSODLL\Debug\link.1312.read.1.tlog
D:\My Docs\Documentos\ESTIG\Ano 2\2 Semestre\SO\TG1_Final\JogoSODLL\JogoSODLL\Debug\link.1312.write.1.tlog
D:\My Docs\Documentos\ESTIG\Ano 2\2 Semestre\SO\TG1_Final\JogoSODLL\JogoSODLL\Debug\link.1312-cvtres.read.1.tlog
D:\My Docs\Documentos\ESTIG\Ano 2\2 Semestre\SO\TG1_Final\JogoSODLL\JogoSODLL\Debug\link.1312-cvtres.write.1.tlog
D:\My Docs\Documentos\ESTIG\Ano 2\2 Semestre\SO\TG1_Final\JogoSODLL\JogoSODLL\Debug\link.2952.read.1.tlog
D:\My Docs\Documentos\ESTIG\Ano 2\2 Semestre\SO\TG1_Final\JogoSODLL\JogoSODLL\Debug\link.2952.write.1.tlog
D:\My Docs\Documentos\ESTIG\Ano 2\2 Semestre\SO\TG1_Final\JogoSODLL\JogoSODLL\Debug\link.2952-cvtres.read.1.tlog
D:\My Docs\Documentos\ESTIG\Ano 2\2 Semestre\SO\TG1_Final\JogoSODLL\JogoSODLL\Debug\link.2952-cvtres.write.1.tlog
D:\My Docs\Documentos\ESTIG\Ano 2\2 Semestre\SO\TG1_Final\JogoSODLL\JogoSODLL\Debug\link.command.1.tlog
D:\My Docs\Documentos\ESTIG\Ano 2\2 Semestre\SO\TG1_Final\JogoSODLL\JogoSODLL\Debug\link.read.1.tlog
D:\My Docs\Documentos\ESTIG\Ano 2\2 Semestre\SO\TG1_Final\JogoSODLL\JogoSODLL\Debug\link.write.1.tlog
D:\My Docs\Documentos\ESTIG\Ano 2\2 Semestre\SO\TG1_Final\JogoSODLL\JogoSODLL\Debug\link-cvtres.read.1.tlog
D:\My Docs\Documentos\ESTIG\Ano 2\2 Semestre\SO\TG1_Final\JogoSODLL\JogoSODLL\Debug\link-cvtres.write.1.tlog
D:\My Docs\Documentos\ESTIG\Ano 2\2 Semestre\SO\TG1_Final\JogoSODLL\JogoSODLL\Debug\mt.command.1.tlog
D:\My Docs\Documentos\ESTIG\Ano 2\2 Semestre\SO\TG1_Final\JogoSODLL\JogoSODLL\Debug\mt.read.1.tlog
D:\My Docs\Documentos\ESTIG\Ano 2\2 Semestre\SO\TG1_Final\JogoSODLL\JogoSODLL\Debug\mt.write.1.tlog
D:\My Docs\Documentos\ESTIG\Ano 2\2 Semestre\SO\TG1_Final\JogoSODLL\JogoSODLL\Debug\rc.command.1.tlog
D:\My Docs\Documentos\ESTIG\Ano 2\2 Semestre\SO\TG1_Final\JogoSODLL\JogoSODLL\Debug\rc.read.1.tlog
D:\My Docs\Documentos\ESTIG\Ano 2\2 Semestre\SO\TG1_Final\JogoSODLL\JogoSODLL\Debug\rc.write.1.tlog
D:\MY DOCS\DOCUMENTOS\ESTIG\ANO 2\2 SEMESTRE\SO\TG1_FINAL\JOGOSODLL\JOGOSODLL\DEBUG\STDAFX.OBJ
D:\My Docs\Documentos\ESTIG\Ano 2\2 Semestre\SO\TG1_Final\JogoSODLL\JogoSODLL\Debug\vc100.idb
D:\MY DOCS\DOCUMENTOS\ESTIG\ANO 2\2 SEMESTRE\SO\TG1_FINAL\JOGOSODLL\JOGOSODLL\DEBUG\VC100.PDB
